<?xml version="1.0" encoding="UTF-8"?>
<!-- Generated by org.testng.reporters.JUnitReportReporter -->
<testsuite hostname="DESKTOP-CF3FPRI" failures="0" tests="3" name="com.lao.runner.TestRunner" time="51.832" errors="0" timestamp="06 Jun 2024 21:49:02 GMT" skipped="0">
  <testcase classname="com.lao.runner.TestRunner" name="runScenario" time="23.786"/>
  <testcase classname="com.lao.runner.TestRunner" name="runScenario" time="12.466"/>
  <testcase classname="com.lao.runner.TestRunner" name="runScenario" time="15.580"/>
</testsuite> <!-- com.lao.runner.TestRunner -->
