<?xml version="1.0" encoding="UTF-8"?>
<!-- Generated by org.testng.reporters.JUnitReportReporter -->
<testsuite hostname="DESKTOP-CF3FPRI" failures="0" tests="1" name="com.lao.runner.ReRunner" time="21.838" errors="0" timestamp="06 Jun 2024 20:24:43 GMT" skipped="0">
  <testcase classname="com.lao.runner.ReRunner" name="runScenario" time="21.838"/>
</testsuite> <!-- com.lao.runner.ReRunner -->
